app/build/outputs/logs/manifest-merger-debug-report.txt
-- Merging decision tree log ---
manifest
ADDED from src/main/AndroidManifest.xml:2:1-40:12
	package
		ADDED from src/main/AndroidManifest.xml:3:5-36
		INJECTED from src/main/AndroidManifest.xml
		INJECTED from src/main/AndroidManifest.xml
	android:versionName
		INJECTED from src/main/AndroidManifest.xml
		INJECTED from src/main/AndroidManifest.xml
	xmlns:android
		ADDED from src/main/AndroidManifest.xml:2:11-69
	android:versionCode
		INJECTED from src/main/AndroidManifest.xml
		INJECTED from src/main/AndroidManifest.xml
application
ADDED from src/main/AndroidManifest.xml:5:5-38:19
MERGED from [com.android.support:appcompat-v7:24.2.1] AndroidManifest.xml:25:5-20
MERGED from [com.android.support:support-v4:24.2.1] AndroidManifest.xml:25:5-20
MERGED from [com.android.support:support-compat:25.0.0] AndroidManifest.xml:25:5-20
MERGED from [com.android.support:support-media-compat:24.2.1] AndroidManifest.xml:25:5-20
MERGED from [com.android.support:support-core-utils:24.2.1] AndroidManifest.xml:25:5-20
MERGED from [com.android.support:support-core-ui:25.0.0] AndroidManifest.xml:25:5-20
MERGED from [com.android.support:support-fragment:24.2.1] AndroidManifest.xml:25:5-20
MERGED from [com.android.support:support-vector-drawable:24.2.1] AndroidManifest.xml:23:5-20
MERGED from [com.android.support:animated-vector-drawable:24.2.1] AndroidManifest.xml:22:5-20
MERGED from [com.google.android.gms:play-services-appindexing:8.4.0] AndroidManifest.xml:19:5-20
MERGED from [com.google.android.gms:play-services-basement:8.4.0] AndroidManifest.xml:20:5-24:19
MERGED from [com.android.support:gridlayout-v7:25.0.0] AndroidManifest.xml:22:5-20
	android:label
		ADDED from src/main/AndroidManifest.xml:8:9-41
	android:supportsRtl
		ADDED from src/main/AndroidManifest.xml:9:9-35
	android:allowBackup
		ADDED from src/main/AndroidManifest.xml:6:9-35
	android:icon
		ADDED from src/main/AndroidManifest.xml:7:9-43
	android:theme
		ADDED from src/main/AndroidManifest.xml:10:9-45
activity#com.projeto.followpet.MainActivity
ADDED from src/main/AndroidManifest.xml:11:9-17:20
	android:screenOrientation
		ADDED from src/main/AndroidManifest.xml:11:48-84
	android:name
		ADDED from src/main/AndroidManifest.xml:11:19-47
intent-filter#android.intent.action.MAIN+android.intent.category.LAUNCHER
ADDED from src/main/AndroidManifest.xml:12:13-16:29
action#android.intent.action.MAIN
ADDED from src/main/AndroidManifest.xml:13:17-69
	android:name
		ADDED from src/main/AndroidManifest.xml:13:25-66
category#android.intent.category.LAUNCHER
ADDED from src/main/AndroidManifest.xml:15:17-77
	android:name
		ADDED from src/main/AndroidManifest.xml:15:27-74
activity#com.projeto.followpet.CadastroPetActivity
ADDED from src/main/AndroidManifest.xml:19:9-94
	android:screenOrientation
		ADDED from src/main/AndroidManifest.xml:19:55-91
	android:name
		ADDED from src/main/AndroidManifest.xml:19:19-54
activity#com.projeto.followpet.CadastroVacinaActivity
ADDED from src/main/AndroidManifest.xml:21:9-97
	android:screenOrientation
		ADDED from src/main/AndroidManifest.xml:21:58-94
	android:name
		ADDED from src/main/AndroidManifest.xml:21:19-57
activity#com.projeto.followpet.CadastroMedicamentoActivity
ADDED from src/main/AndroidManifest.xml:23:9-102
	android:screenOrientation
		ADDED from src/main/AndroidManifest.xml:23:63-99
	android:name
		ADDED from src/main/AndroidManifest.xml:23:19-62
activity#com.projeto.followpet.AtualizarPetActivity
ADDED from src/main/AndroidManifest.xml:25:9-95
	android:screenOrientation
		ADDED from src/main/AndroidManifest.xml:25:56-92
	android:name
		ADDED from src/main/AndroidManifest.xml:25:19-55
activity#com.projeto.followpet.AtualizarMedicamentoActivity
ADDED from src/main/AndroidManifest.xml:27:9-103
	android:screenOrientation
		ADDED from src/main/AndroidManifest.xml:27:64-100
	android:name
		ADDED from src/main/AndroidManifest.xml:27:19-63
activity#com.projeto.followpet.PetPerfilActivity
ADDED from src/main/AndroidManifest.xml:29:9-92
	android:screenOrientation
		ADDED from src/main/AndroidManifest.xml:29:53-89
	android:name
		ADDED from src/main/AndroidManifest.xml:29:19-52
activity#com.projeto.followpet.AtualizarVacinaActivity
ADDED from src/main/AndroidManifest.xml:31:9-98
	android:screenOrientation
		ADDED from src/main/AndroidManifest.xml:31:59-95
	android:name
		ADDED from src/main/AndroidManifest.xml:31:19-58
meta-data#com.google.android.gms.version
ADDED from src/main/AndroidManifest.xml:33:9-35:69
MERGED from [com.google.android.gms:play-services-basement:8.4.0] AndroidManifest.xml:21:9-23:69
	android:value
		ADDED from src/main/AndroidManifest.xml:35:13-66
	android:name
		ADDED from src/main/AndroidManifest.xml:34:13-58
uses-sdk
INJECTED from src/main/AndroidManifest.xml reason: use-sdk injection requested
MERGED from [com.android.support:appcompat-v7:24.2.1] AndroidManifest.xml:21:5-23:78
MERGED from [com.android.support:support-v4:24.2.1] AndroidManifest.xml:21:5-23:54
MERGED from [com.android.support:support-compat:25.0.0] AndroidManifest.xml:21:5-23:58
MERGED from [com.android.support:support-media-compat:24.2.1] AndroidManifest.xml:21:5-23:63
MERGED from [com.android.support:support-core-utils:24.2.1] AndroidManifest.xml:21:5-23:61
MERGED from [com.android.support:support-core-ui:25.0.0] AndroidManifest.xml:21:5-23:58
MERGED from [com.android.support:support-fragment:24.2.1] AndroidManifest.xml:21:5-23:60
MERGED from [com.android.support:support-vector-drawable:24.2.1] AndroidManifest.xml:21:5-43
MERGED from [com.android.support:animated-vector-drawable:24.2.1] AndroidManifest.xml:20:5-44
MERGED from [com.google.android.gms:play-services-appindexing:8.4.0] AndroidManifest.xml:18:5-42
MERGED from [com.google.android.gms:play-services-base:8.4.0] AndroidManifest.xml:18:5-42
MERGED from [com.google.android.gms:play-services-basement:8.4.0] AndroidManifest.xml:18:5-42
MERGED from [com.android.support:recyclerview-v7:25.0.0] AndroidManifest.xml:20:5-43
MERGED from [com.android.support:gridlayout-v7:25.0.0] AndroidManifest.xml:20:5-43
	tools:overrideLibrary
		ADDED from [com.android.support:appcompat-v7:24.2.1] AndroidManifest.xml:23:9-75
	android:targetSdkVersion
		INJECTED from src/main/AndroidManifest.xml
		INJECTED from src/main/AndroidManifest.xml
	android:minSdkVersion
		INJECTED from src/main/AndroidManifest.xml
		INJECTED from src/main/AndroidManifest.xml